<?xml version="1.0" encoding="UTF-8"?>
<!-- Generated by org.testng.reporters.JUnitReportReporter -->
<testsuite hostname="LAPTOP-RMAM58HG" failures="0" tests="2" name="tests.DashboardPageTestCases" time="10.709" errors="0" timestamp="20 Aug 2024 16:47:03 GMT">
  <testcase classname="tests.DashboardPageTestCases" name="TestCaseVerifyTitle" time="3.050"/>
  <testcase classname="tests.DashboardPageTestCases" name="TestCaseClickOnCarousalLeftButton" time="7.659"/>
</testsuite> <!-- tests.DashboardPageTestCases -->
