<?xml version="1.0" encoding="UTF-8"?>
<!-- Generated by org.testng.reporters.JUnitReportReporter -->
<testsuite hostname="LAPTOP-RMAM58HG" failures="0" tests="2" name="tests.ProductListingPageTestCases" time="32.201" errors="0" timestamp="20 Aug 2024 18:20:59 GMT">
  <testcase classname="tests.ProductListingPageTestCases" name="TestCaseSortProduct" time="14.364"/>
  <testcase classname="tests.ProductListingPageTestCases" name="TestCaseProductFilter" time="17.837"/>
</testsuite> <!-- tests.ProductListingPageTestCases -->
