<?xml version="1.0" encoding="UTF-8"?>
<!-- Generated by org.testng.reporters.JUnitReportReporter -->
<testsuite hostname="LAPTOP-RMAM58HG" failures="0" tests="3" name="pages.DashboardPageTestCases" time="16.016" errors="0" timestamp="3 Aug 2024 15:48:03 GMT">
  <testcase classname="pages.DashboardPageTestCases" name="TestCaseVerifyTitle" time="0.040"/>
  <testcase classname="pages.DashboardPageTestCases" name="TestCaseClickOnCarousalRightButton" time="7.913"/>
  <testcase classname="pages.DashboardPageTestCases" name="TestCaseClickOnCarousalLeftButton" time="8.063"/>
</testsuite> <!-- pages.DashboardPageTestCases -->
