<?xml version="1.0" encoding="UTF-8"?>
<!-- Generated by org.testng.reporters.JUnitReportReporter -->
<testsuite hostname="LAPTOP-RMAM58HG" failures="0" tests="2" name="pages.DashboardPageTestCases" time="9.680" errors="0" timestamp="5 Aug 2024 19:41:44 GMT">
  <testcase classname="pages.DashboardPageTestCases" name="TestCaseChangeWebsiteLanguage" time="9.662"/>
  <testcase classname="pages.DashboardPageTestCases" name="TestCaseVerifyTitle" time="0.018"/>
</testsuite> <!-- pages.DashboardPageTestCases -->
