<?xml version="1.0" encoding="UTF-8"?>
<!-- Generated by org.testng.reporters.JUnitReportReporter -->
<testsuite hostname="LAPTOP-RMAM58HG" failures="0" tests="2" name="pages.DashboardPageTestCases" time="12.017" errors="0" timestamp="10 Aug 2024 10:53:55 GMT">
  <testcase classname="pages.DashboardPageTestCases" name="TestCaseVerifyTitle" time="0.102"/>
  <testcase classname="pages.DashboardPageTestCases" name="TestCaseSelectCountryVerify" time="11.915"/>
</testsuite> <!-- pages.DashboardPageTestCases -->
