<?xml version="1.0" encoding="UTF-8"?>
<!-- Generated by org.testng.reporters.JUnitReportReporter -->
<testsuite hostname="LAPTOP-RMAM58HG" failures="0" tests="3" name="tests.DashboardPageTestCases" time="19.967" errors="0" timestamp="19 Aug 2024 16:45:33 GMT">
  <testcase classname="tests.DashboardPageTestCases" name="TestCaseClickOnCarousalRightButton" time="8.006"/>
  <testcase classname="tests.DashboardPageTestCases" name="TestCaseVerifyTitle" time="3.668"/>
  <testcase classname="tests.DashboardPageTestCases" name="TestCaseClickOnCarousalLeftButton" time="8.293"/>
</testsuite> <!-- tests.DashboardPageTestCases -->
