<?xml version="1.0" encoding="UTF-8"?>
<!-- Generated by org.testng.reporters.JUnitReportReporter -->
<testsuite hostname="LAPTOP-RMAM58HG" failures="0" tests="4" name="pages.DashboardPageTestCases" time="9.011" errors="0" timestamp="10 Aug 2024 04:36:42 GMT">
  <testcase classname="pages.DashboardPageTestCases" name="TestCaseAmazonFooterLogoVerify" time="1.315"/>
  <testcase classname="pages.DashboardPageTestCases" name="TestCaseFooterCopyRightLinksVerify" time="6.186"/>
  <testcase classname="pages.DashboardPageTestCases" name="TestCaseVerifyTitle" time="0.158"/>
  <testcase classname="pages.DashboardPageTestCases" name="TestCaseAmazonTextVerify" time="1.352"/>
</testsuite> <!-- pages.DashboardPageTestCases -->
