<?xml version="1.0" encoding="UTF-8"?>
<!-- Generated by org.testng.reporters.JUnitReportReporter -->
<testsuite hostname="LAPTOP-RMAM58HG" failures="2" tests="12" name="pages.DashboardPageTestCases" time="359.707" errors="1" timestamp="11 Aug 2024 15:42:45 GMT">
  <testcase classname="pages.DashboardPageTestCases" name="TestCaseMakeMoneyWithUsLinksVerify" time="92.189"/>
  <testcase classname="pages.DashboardPageTestCases" name="TestCaseSideNavigationDigitalContentAndDevicesVerify" time="1.160">
    <failure message="Test case failed due to an exception: element click intercepted: Element &lt;a href=&quot;javascript: void(0)&quot; id=&quot;nav-hamburger-menu&quot; role=&quot;button&quot; aria-label=&quot;Open Menu&quot; data-csa-c-type=&quot;widget&quot; data-csa-c-slot-id=&quot;HamburgerMenuDesktop&quot; data-csa-c-interaction-events=&quot;click&quot; data-csa-c-id=&quot;k7xm01-6orv2t-7mdm5k-ifkcqr&quot;&gt;...&lt;/a&gt; is not clickable at point (40, 79). Other element would receive the click: &lt;div class=&quot;hmenu-item hmenu-title &quot;&gt;...&lt;/div&gt;
  (Session info: chrome=127.0.6533.100)
Build info: version: &#039;4.20.0&#039;, revision: &#039;866c76ca80&#039;
System info: os.name: &#039;Windows 11&#039;, os.arch: &#039;amd64&#039;, os.version: &#039;10.0&#039;, java.version: &#039;17.0.11&#039;
Driver info: org.openqa.selenium.chrome.ChromeDriver
Command: [80765d2c6ed35601b2025be63dce7811, clickElement {id=f.7B49EBD146CCA96265263664AA2BEF99.d.1795B65A4ABE4D044E4C41BB29C68E1D.e.1540}]
Capabilities {acceptInsecureCerts: false, browserName: chrome, browserVersion: 127.0.6533.100, chrome: {chromedriverVersion: 127.0.6533.99 (f31af5097d90..., userDataDir: C:\Users\rudre\AppData\Loca...}, fedcm:accounts: true, goog:chromeOptions: {debuggerAddress: localhost:58055}, networkConnectionEnabled: false, pageLoadStrategy: normal, platformName: windows, proxy: Proxy(), se:cdp: ws://localhost:58055/devtoo..., se:cdpVersion: 127.0.6533.100, setWindowRect: true, strictFileInteractability: false, timeouts: {implicit: 0, pageLoad: 300000, script: 30000}, unhandledPromptBehavior: dismiss and notify, webauthn:extension:credBlob: true, webauthn:extension:largeBlob: true, webauthn:extension:minPinLength: true, webauthn:extension:prf: true, webauthn:virtualAuthenticators: true}
Element: [[ChromeDriver: chrome on windows (80765d2c6ed35601b2025be63dce7811)] -&gt; id: nav-hamburger-menu]
Session ID: 80765d2c6ed35601b2025be63dce7811" type="java.lang.AssertionError">
      <![CDATA[java.lang.AssertionError: Test case failed due to an exception: element click intercepted: Element <a href="javascript: void(0)" id="nav-hamburger-menu" role="button" aria-label="Open Menu" data-csa-c-type="widget" data-csa-c-slot-id="HamburgerMenuDesktop" data-csa-c-interaction-events="click" data-csa-c-id="k7xm01-6orv2t-7mdm5k-ifkcqr">...</a> is not clickable at point (40, 79). Other element would receive the click: <div class="hmenu-item hmenu-title ">...</div>
  (Session info: chrome=127.0.6533.100)
Build info: version: '4.20.0', revision: '866c76ca80'
System info: os.name: 'Windows 11', os.arch: 'amd64', os.version: '10.0', java.version: '17.0.11'
Driver info: org.openqa.selenium.chrome.ChromeDriver
Command: [80765d2c6ed35601b2025be63dce7811, clickElement {id=f.7B49EBD146CCA96265263664AA2BEF99.d.1795B65A4ABE4D044E4C41BB29C68E1D.e.1540}]
Capabilities {acceptInsecureCerts: false, browserName: chrome, browserVersion: 127.0.6533.100, chrome: {chromedriverVersion: 127.0.6533.99 (f31af5097d90..., userDataDir: C:\Users\rudre\AppData\Loca...}, fedcm:accounts: true, goog:chromeOptions: {debuggerAddress: localhost:58055}, networkConnectionEnabled: false, pageLoadStrategy: normal, platformName: windows, proxy: Proxy(), se:cdp: ws://localhost:58055/devtoo..., se:cdpVersion: 127.0.6533.100, setWindowRect: true, strictFileInteractability: false, timeouts: {implicit: 0, pageLoad: 300000, script: 30000}, unhandledPromptBehavior: dismiss and notify, webauthn:extension:credBlob: true, webauthn:extension:largeBlob: true, webauthn:extension:minPinLength: true, webauthn:extension:prf: true, webauthn:virtualAuthenticators: true}
Element: [[ChromeDriver: chrome on windows (80765d2c6ed35601b2025be63dce7811)] -> id: nav-hamburger-menu]
Session ID: 80765d2c6ed35601b2025be63dce7811
	at org.testng.Assert.fail(Assert.java:94)
	at pages.DashboardPageTestCases.TestCaseSideNavigationDigitalContentAndDevicesVerify(DashboardPageTestCases.java:938)
	at java.base/jdk.internal.reflect.NativeMethodAccessorImpl.invoke0(Native Method)
	at java.base/jdk.internal.reflect.NativeMethodAccessorImpl.invoke(NativeMethodAccessorImpl.java:77)
	at java.base/jdk.internal.reflect.DelegatingMethodAccessorImpl.invoke(DelegatingMethodAccessorImpl.java:43)
	at java.base/java.lang.reflect.Method.invoke(Method.java:568)
	at org.testng.internal.MethodInvocationHelper.invokeMethod(MethodInvocationHelper.java:86)
	at org.testng.internal.Invoker.invokeMethod(Invoker.java:643)
	at org.testng.internal.Invoker.invokeTestMethod(Invoker.java:820)
	at org.testng.internal.Invoker.invokeTestMethods(Invoker.java:1128)
	at org.testng.internal.TestMethodWorker.invokeTestMethods(TestMethodWorker.java:129)
	at org.testng.internal.TestMethodWorker.run(TestMethodWorker.java:112)
	at org.testng.TestRunner.privateRun(TestRunner.java:782)
	at org.testng.TestRunner.run(TestRunner.java:632)
	at org.testng.SuiteRunner.runTest(SuiteRunner.java:366)
	at org.testng.SuiteRunner.runSequentially(SuiteRunner.java:361)
	at org.testng.SuiteRunner.privateRun(SuiteRunner.java:319)
	at org.testng.SuiteRunner.run(SuiteRunner.java:268)
	at org.testng.SuiteRunnerWorker.runSuite(SuiteRunnerWorker.java:52)
	at org.testng.SuiteRunnerWorker.run(SuiteRunnerWorker.java:86)
	at org.testng.TestNG.runSuitesSequentially(TestNG.java:1244)
	at org.testng.TestNG.runSuitesLocally(TestNG.java:1169)
	at org.testng.TestNG.run(TestNG.java:1064)
	at org.testng.remote.AbstractRemoteTestNG.run(AbstractRemoteTestNG.java:115)
	at org.testng.remote.RemoteTestNG.initAndRun(RemoteTestNG.java:293)
	at org.testng.remote.RemoteTestNG.main(RemoteTestNG.java:91)
]]>
    </failure>
  </testcase> <!-- TestCaseSideNavigationDigitalContentAndDevicesVerify -->
  <testcase classname="pages.DashboardPageTestCases" name="TestCaseSelectCountryVerify" time="32.560"/>
  <testcase classname="pages.DashboardPageTestCases" name="TestCaseSocialMediaPages" time="62.708"/>
  <testcase classname="pages.DashboardPageTestCases" name="TestCaseSideNavigationTrendingUrlsVerify" time="18.004">
    <failure message="Test case failed due to an exception: element click intercepted: Element &lt;a href=&quot;javascript: void(0)&quot; id=&quot;nav-hamburger-menu&quot; role=&quot;button&quot; aria-label=&quot;Open Menu&quot; data-csa-c-type=&quot;widget&quot; data-csa-c-slot-id=&quot;HamburgerMenuDesktop&quot; data-csa-c-interaction-events=&quot;click&quot; data-csa-c-id=&quot;k7xm01-6orv2t-7mdm5k-ifkcqr&quot;&gt;...&lt;/a&gt; is not clickable at point (40, 79). Other element would receive the click: &lt;div class=&quot;hmenu-item hmenu-title &quot;&gt;...&lt;/div&gt;
  (Session info: chrome=127.0.6533.100)
Build info: version: &#039;4.20.0&#039;, revision: &#039;866c76ca80&#039;
System info: os.name: &#039;Windows 11&#039;, os.arch: &#039;amd64&#039;, os.version: &#039;10.0&#039;, java.version: &#039;17.0.11&#039;
Driver info: org.openqa.selenium.chrome.ChromeDriver
Command: [80765d2c6ed35601b2025be63dce7811, clickElement {id=f.7B49EBD146CCA96265263664AA2BEF99.d.1795B65A4ABE4D044E4C41BB29C68E1D.e.1540}]
Capabilities {acceptInsecureCerts: false, browserName: chrome, browserVersion: 127.0.6533.100, chrome: {chromedriverVersion: 127.0.6533.99 (f31af5097d90..., userDataDir: C:\Users\rudre\AppData\Loca...}, fedcm:accounts: true, goog:chromeOptions: {debuggerAddress: localhost:58055}, networkConnectionEnabled: false, pageLoadStrategy: normal, platformName: windows, proxy: Proxy(), se:cdp: ws://localhost:58055/devtoo..., se:cdpVersion: 127.0.6533.100, setWindowRect: true, strictFileInteractability: false, timeouts: {implicit: 0, pageLoad: 300000, script: 30000}, unhandledPromptBehavior: dismiss and notify, webauthn:extension:credBlob: true, webauthn:extension:largeBlob: true, webauthn:extension:minPinLength: true, webauthn:extension:prf: true, webauthn:virtualAuthenticators: true}
Element: [[ChromeDriver: chrome on windows (80765d2c6ed35601b2025be63dce7811)] -&gt; id: nav-hamburger-menu]
Session ID: 80765d2c6ed35601b2025be63dce7811" type="java.lang.AssertionError">
      <![CDATA[java.lang.AssertionError: Test case failed due to an exception: element click intercepted: Element <a href="javascript: void(0)" id="nav-hamburger-menu" role="button" aria-label="Open Menu" data-csa-c-type="widget" data-csa-c-slot-id="HamburgerMenuDesktop" data-csa-c-interaction-events="click" data-csa-c-id="k7xm01-6orv2t-7mdm5k-ifkcqr">...</a> is not clickable at point (40, 79). Other element would receive the click: <div class="hmenu-item hmenu-title ">...</div>
  (Session info: chrome=127.0.6533.100)
Build info: version: '4.20.0', revision: '866c76ca80'
System info: os.name: 'Windows 11', os.arch: 'amd64', os.version: '10.0', java.version: '17.0.11'
Driver info: org.openqa.selenium.chrome.ChromeDriver
Command: [80765d2c6ed35601b2025be63dce7811, clickElement {id=f.7B49EBD146CCA96265263664AA2BEF99.d.1795B65A4ABE4D044E4C41BB29C68E1D.e.1540}]
Capabilities {acceptInsecureCerts: false, browserName: chrome, browserVersion: 127.0.6533.100, chrome: {chromedriverVersion: 127.0.6533.99 (f31af5097d90..., userDataDir: C:\Users\rudre\AppData\Loca...}, fedcm:accounts: true, goog:chromeOptions: {debuggerAddress: localhost:58055}, networkConnectionEnabled: false, pageLoadStrategy: normal, platformName: windows, proxy: Proxy(), se:cdp: ws://localhost:58055/devtoo..., se:cdpVersion: 127.0.6533.100, setWindowRect: true, strictFileInteractability: false, timeouts: {implicit: 0, pageLoad: 300000, script: 30000}, unhandledPromptBehavior: dismiss and notify, webauthn:extension:credBlob: true, webauthn:extension:largeBlob: true, webauthn:extension:minPinLength: true, webauthn:extension:prf: true, webauthn:virtualAuthenticators: true}
Element: [[ChromeDriver: chrome on windows (80765d2c6ed35601b2025be63dce7811)] -> id: nav-hamburger-menu]
Session ID: 80765d2c6ed35601b2025be63dce7811
	at org.testng.Assert.fail(Assert.java:94)
	at pages.DashboardPageTestCases.TestCaseSideNavigationTrendingUrlsVerify(DashboardPageTestCases.java:906)
	at java.base/jdk.internal.reflect.NativeMethodAccessorImpl.invoke0(Native Method)
	at java.base/jdk.internal.reflect.NativeMethodAccessorImpl.invoke(NativeMethodAccessorImpl.java:77)
	at java.base/jdk.internal.reflect.DelegatingMethodAccessorImpl.invoke(DelegatingMethodAccessorImpl.java:43)
	at java.base/java.lang.reflect.Method.invoke(Method.java:568)
	at org.testng.internal.MethodInvocationHelper.invokeMethod(MethodInvocationHelper.java:86)
	at org.testng.internal.Invoker.invokeMethod(Invoker.java:643)
	at org.testng.internal.Invoker.invokeTestMethod(Invoker.java:820)
	at org.testng.internal.Invoker.invokeTestMethods(Invoker.java:1128)
	at org.testng.internal.TestMethodWorker.invokeTestMethods(TestMethodWorker.java:129)
	at org.testng.internal.TestMethodWorker.run(TestMethodWorker.java:112)
	at org.testng.TestRunner.privateRun(TestRunner.java:782)
	at org.testng.TestRunner.run(TestRunner.java:632)
	at org.testng.SuiteRunner.runTest(SuiteRunner.java:366)
	at org.testng.SuiteRunner.runSequentially(SuiteRunner.java:361)
	at org.testng.SuiteRunner.privateRun(SuiteRunner.java:319)
	at org.testng.SuiteRunner.run(SuiteRunner.java:268)
	at org.testng.SuiteRunnerWorker.runSuite(SuiteRunnerWorker.java:52)
	at org.testng.SuiteRunnerWorker.run(SuiteRunnerWorker.java:86)
	at org.testng.TestNG.runSuitesSequentially(TestNG.java:1244)
	at org.testng.TestNG.runSuitesLocally(TestNG.java:1169)
	at org.testng.TestNG.run(TestNG.java:1064)
	at org.testng.remote.AbstractRemoteTestNG.run(AbstractRemoteTestNG.java:115)
	at org.testng.remote.RemoteTestNG.initAndRun(RemoteTestNG.java:293)
	at org.testng.remote.RemoteTestNG.main(RemoteTestNG.java:91)
]]>
    </failure>
  </testcase> <!-- TestCaseSideNavigationTrendingUrlsVerify -->
  <testcase classname="pages.DashboardPageTestCases" name="TestCaseAmazonFooterLogoVerify" time="4.280"/>
  <testcase classname="pages.DashboardPageTestCases" name="TestCaseAmazonServiceCategoriesVerify" time="82.644"/>
  <testcase classname="pages.DashboardPageTestCases" name="TestCaseFooterCopyRightLinksVerify" time="21.831"/>
  <testcase classname="pages.DashboardPageTestCases" name="TestCaseAmazonTextVerify" time="3.105"/>
  <testcase classname="pages.DashboardPageTestCases" name="TestCaseLanguageChangeFromFooterVerify" time="33.813"/>
  <testcase classname="pages.DashboardPageTestCases" name="TestCaseLetUsHelpYouVerify" time="4.353">
    <error message="element click intercepted: Element &lt;a href=&quot;/gp/help/customer/display.html?nodeId=GDFU3JS5AL6SYHRD&amp;amp;ref_=footer_covid&quot; class=&quot;nav_a&quot;&gt;...&lt;/a&gt; is not clickable at point (1120, 46). Other element would receive the click: &lt;input id=&quot;nav-search-submit-button&quot; type=&quot;submit&quot; class=&quot;nav-input nav-progressive-attribute&quot; value=&quot;Go&quot; tabindex=&quot;0&quot;&gt;
  (Session info: chrome=127.0.6533.100)
Build info: version: &#039;4.20.0&#039;, revision: &#039;866c76ca80&#039;
System info: os.name: &#039;Windows 11&#039;, os.arch: &#039;amd64&#039;, os.version: &#039;10.0&#039;, java.version: &#039;17.0.11&#039;
Driver info: org.openqa.selenium.chrome.ChromeDriver
Command: [80765d2c6ed35601b2025be63dce7811, clickElement {id=f.7B49EBD146CCA96265263664AA2BEF99.d.CCC25FC7010AB104453110C6419E945B.e.849}]
Capabilities {acceptInsecureCerts: false, browserName: chrome, browserVersion: 127.0.6533.100, chrome: {chromedriverVersion: 127.0.6533.99 (f31af5097d90..., userDataDir: C:\Users\rudre\AppData\Loca...}, fedcm:accounts: true, goog:chromeOptions: {debuggerAddress: localhost:58055}, networkConnectionEnabled: false, pageLoadStrategy: normal, platformName: windows, proxy: Proxy(), se:cdp: ws://localhost:58055/devtoo..., se:cdpVersion: 127.0.6533.100, setWindowRect: true, strictFileInteractability: false, timeouts: {implicit: 0, pageLoad: 300000, script: 30000}, unhandledPromptBehavior: dismiss and notify, webauthn:extension:credBlob: true, webauthn:extension:largeBlob: true, webauthn:extension:minPinLength: true, webauthn:extension:prf: true, webauthn:virtualAuthenticators: true}
Element: [[ChromeDriver: chrome on windows (80765d2c6ed35601b2025be63dce7811)] -&gt; xpath: (//a[@class=&#039;nav_a&#039;])[17]]
Session ID: 80765d2c6ed35601b2025be63dce7811" type="org.openqa.selenium.ElementClickInterceptedException">
      <![CDATA[org.openqa.selenium.ElementClickInterceptedException: element click intercepted: Element <a href="/gp/help/customer/display.html?nodeId=GDFU3JS5AL6SYHRD&amp;ref_=footer_covid" class="nav_a">...</a> is not clickable at point (1120, 46). Other element would receive the click: <input id="nav-search-submit-button" type="submit" class="nav-input nav-progressive-attribute" value="Go" tabindex="0">
  (Session info: chrome=127.0.6533.100)
Build info: version: '4.20.0', revision: '866c76ca80'
System info: os.name: 'Windows 11', os.arch: 'amd64', os.version: '10.0', java.version: '17.0.11'
Driver info: org.openqa.selenium.chrome.ChromeDriver
Command: [80765d2c6ed35601b2025be63dce7811, clickElement {id=f.7B49EBD146CCA96265263664AA2BEF99.d.CCC25FC7010AB104453110C6419E945B.e.849}]
Capabilities {acceptInsecureCerts: false, browserName: chrome, browserVersion: 127.0.6533.100, chrome: {chromedriverVersion: 127.0.6533.99 (f31af5097d90..., userDataDir: C:\Users\rudre\AppData\Loca...}, fedcm:accounts: true, goog:chromeOptions: {debuggerAddress: localhost:58055}, networkConnectionEnabled: false, pageLoadStrategy: normal, platformName: windows, proxy: Proxy(), se:cdp: ws://localhost:58055/devtoo..., se:cdpVersion: 127.0.6533.100, setWindowRect: true, strictFileInteractability: false, timeouts: {implicit: 0, pageLoad: 300000, script: 30000}, unhandledPromptBehavior: dismiss and notify, webauthn:extension:credBlob: true, webauthn:extension:largeBlob: true, webauthn:extension:minPinLength: true, webauthn:extension:prf: true, webauthn:virtualAuthenticators: true}
Element: [[ChromeDriver: chrome on windows (80765d2c6ed35601b2025be63dce7811)] -> xpath: (//a[@class='nav_a'])[17]]
Session ID: 80765d2c6ed35601b2025be63dce7811
	at java.base/jdk.internal.reflect.NativeConstructorAccessorImpl.newInstance0(Native Method)
	at java.base/jdk.internal.reflect.NativeConstructorAccessorImpl.newInstance(NativeConstructorAccessorImpl.java:77)
	at java.base/jdk.internal.reflect.DelegatingConstructorAccessorImpl.newInstance(DelegatingConstructorAccessorImpl.java:45)
	at java.base/java.lang.reflect.Constructor.newInstanceWithCaller(Constructor.java:499)
	at java.base/java.lang.reflect.Constructor.newInstance(Constructor.java:480)
	at org.openqa.selenium.remote.ErrorCodec.decode(ErrorCodec.java:167)
	at org.openqa.selenium.remote.codec.w3c.W3CHttpResponseCodec.decode(W3CHttpResponseCodec.java:138)
	at org.openqa.selenium.remote.codec.w3c.W3CHttpResponseCodec.decode(W3CHttpResponseCodec.java:50)
	at org.openqa.selenium.remote.HttpCommandExecutor.execute(HttpCommandExecutor.java:190)
	at org.openqa.selenium.remote.service.DriverCommandExecutor.invokeExecute(DriverCommandExecutor.java:216)
	at org.openqa.selenium.remote.service.DriverCommandExecutor.execute(DriverCommandExecutor.java:174)
	at org.openqa.selenium.remote.RemoteWebDriver.execute(RemoteWebDriver.java:518)
	at org.openqa.selenium.remote.RemoteWebElement.execute(RemoteWebElement.java:223)
	at org.openqa.selenium.remote.RemoteWebElement.click(RemoteWebElement.java:76)
	at java.base/jdk.internal.reflect.NativeMethodAccessorImpl.invoke0(Native Method)
	at java.base/jdk.internal.reflect.NativeMethodAccessorImpl.invoke(NativeMethodAccessorImpl.java:77)
	at java.base/jdk.internal.reflect.DelegatingMethodAccessorImpl.invoke(DelegatingMethodAccessorImpl.java:43)
	at java.base/java.lang.reflect.Method.invoke(Method.java:568)
	at org.openqa.selenium.support.pagefactory.internal.LocatingElementHandler.invoke(LocatingElementHandler.java:51)
	at jdk.proxy2/jdk.proxy2.$Proxy12.click(Unknown Source)
	at pages.DashboardPageTestCases.TestCaseLetUsHelpYouVerify(DashboardPageTestCases.java:409)
	at java.base/jdk.internal.reflect.NativeMethodAccessorImpl.invoke0(Native Method)
	at java.base/jdk.internal.reflect.NativeMethodAccessorImpl.invoke(NativeMethodAccessorImpl.java:77)
	at java.base/jdk.internal.reflect.DelegatingMethodAccessorImpl.invoke(DelegatingMethodAccessorImpl.java:43)
	at java.base/java.lang.reflect.Method.invoke(Method.java:568)
	at org.testng.internal.MethodInvocationHelper.invokeMethod(MethodInvocationHelper.java:86)
	at org.testng.internal.Invoker.invokeMethod(Invoker.java:643)
	at org.testng.internal.Invoker.invokeTestMethod(Invoker.java:820)
	at org.testng.internal.Invoker.invokeTestMethods(Invoker.java:1128)
	at org.testng.internal.TestMethodWorker.invokeTestMethods(TestMethodWorker.java:129)
	at org.testng.internal.TestMethodWorker.run(TestMethodWorker.java:112)
	at org.testng.TestRunner.privateRun(TestRunner.java:782)
	at org.testng.TestRunner.run(TestRunner.java:632)
	at org.testng.SuiteRunner.runTest(SuiteRunner.java:366)
	at org.testng.SuiteRunner.runSequentially(SuiteRunner.java:361)
	at org.testng.SuiteRunner.privateRun(SuiteRunner.java:319)
	at org.testng.SuiteRunner.run(SuiteRunner.java:268)
	at org.testng.SuiteRunnerWorker.runSuite(SuiteRunnerWorker.java:52)
	at org.testng.SuiteRunnerWorker.run(SuiteRunnerWorker.java:86)
	at org.testng.TestNG.runSuitesSequentially(TestNG.java:1244)
	at org.testng.TestNG.runSuitesLocally(TestNG.java:1169)
	at org.testng.TestNG.run(TestNG.java:1064)
	at org.testng.remote.AbstractRemoteTestNG.run(AbstractRemoteTestNG.java:115)
	at org.testng.remote.RemoteTestNG.initAndRun(RemoteTestNG.java:293)
	at org.testng.remote.RemoteTestNG.main(RemoteTestNG.java:91)
]]>
    </error>
  </testcase> <!-- TestCaseLetUsHelpYouVerify -->
  <testcase classname="pages.DashboardPageTestCases" name="TestCaseVerifyTitle" time="3.060"/>
</testsuite> <!-- pages.DashboardPageTestCases -->
