<?xml version="1.0" encoding="UTF-8"?>
<!-- Generated by org.testng.reporters.JUnitReportReporter -->
<testsuite hostname="LAPTOP-RMAM58HG" failures="0" tests="2" name="pages.DashboardPageTestCases" time="2.786" errors="0" timestamp="5 Aug 2024 20:14:46 GMT">
  <testcase classname="pages.DashboardPageTestCases" name="TestCaseVerifyTitle" time="0.017"/>
  <testcase classname="pages.DashboardPageTestCases" name="TestCaseSignInPage" time="2.769"/>
</testsuite> <!-- pages.DashboardPageTestCases -->
