<?xml version="1.0" encoding="UTF-8"?>
<!-- Generated by org.testng.reporters.JUnitReportReporter -->
<testsuite hostname="LAPTOP-RMAM58HG" failures="0" tests="2" name="pages.DashboardPageTestCases" time="24.055" errors="0" timestamp="6 Aug 2024 17:41:42 GMT">
  <testcase classname="pages.DashboardPageTestCases" name="TestCaseVerifyTitle" time="0.016"/>
  <testcase classname="pages.DashboardPageTestCases" name="TestCaseSocialMediaPages" time="24.039"/>
</testsuite> <!-- pages.DashboardPageTestCases -->
