<?xml version="1.0" encoding="UTF-8"?>
<!-- Generated by org.testng.reporters.JUnitReportReporter -->
<testsuite hostname="LAPTOP-RMAM58HG" failures="0" tests="23" name="pages.DashboardPageTestCases" time="255.052" errors="0" timestamp="10 Aug 2024 14:43:43 GMT">
  <testcase classname="pages.DashboardPageTestCases" name="TestCaseClickOnCarousalLeftButton" time="8.240"/>
  <testcase classname="pages.DashboardPageTestCases" name="TestCaseLetUsHelpYouVerify" time="38.159"/>
  <testcase classname="pages.DashboardPageTestCases" name="TestCaseAmazonTextVerify" time="0.051"/>
  <testcase classname="pages.DashboardPageTestCases" name="TestCaseEnterCurrentPinCode" time="8.675"/>
  <testcase classname="pages.DashboardPageTestCases" name="TestCaseSelectCountryVerify" time="10.065"/>
  <testcase classname="pages.DashboardPageTestCases" name="TestCaseSearchForProduct" time="13.189"/>
  <testcase classname="pages.DashboardPageTestCases" name="TestCaseAmazonFooterLogoVerify" time="1.153"/>
  <testcase classname="pages.DashboardPageTestCases" name="TestCaseSideNavigationDigitalContentAndDevicesVerify" time="12.893"/>
  <testcase classname="pages.DashboardPageTestCases" name="TestCaseClickOnAboutUsButton" time="4.753"/>
  <testcase classname="pages.DashboardPageTestCases" name="TestCaseAmazonServiceCategoriesVerify" time="29.506"/>
  <testcase classname="pages.DashboardPageTestCases" name="TestCaseSignInPage" time="4.906"/>
  <testcase classname="pages.DashboardPageTestCases" name="TestCaseMakeMoneyWithUsLinksVerify" time="37.571"/>
  <testcase classname="pages.DashboardPageTestCases" name="TestCaseClickOnCarousalRightButton" time="7.805"/>
  <testcase classname="pages.DashboardPageTestCases" name="TestCaseFooterGetToKnowUsLinksVerification" time="13.825"/>
  <testcase classname="pages.DashboardPageTestCases" name="TestCaseChangeWebsiteLanguage" time="9.856"/>
  <testcase classname="pages.DashboardPageTestCases" name="TestCaseVerifyTitle" time="0.159"/>
  <testcase classname="pages.DashboardPageTestCases" name="TestCaseClickOnCarousalBanner" time="7.921"/>
  <testcase classname="pages.DashboardPageTestCases" name="TestCaseFooterCopyRightLinksVerify" time="3.272"/>
  <testcase classname="pages.DashboardPageTestCases" name="TestCaseAmazonLogo" time="1.440"/>
  <testcase classname="pages.DashboardPageTestCases" name="TestCaseSocialMediaPages" time="24.858"/>
  <testcase classname="pages.DashboardPageTestCases" name="TestCaseClickOnHamburgerMenuButton" time="4.269"/>
  <testcase classname="pages.DashboardPageTestCases" name="TestCaseSideNavigationTrendingUrlsVerify" time="3.472"/>
  <testcase classname="pages.DashboardPageTestCases" name="TestCaseLanguageChangeFromFooterVerify" time="9.014"/>
</testsuite> <!-- pages.DashboardPageTestCases -->
