<?xml version="1.0" encoding="UTF-8"?>
<!-- Generated by org.testng.reporters.JUnitReportReporter -->
<testsuite hostname="LAPTOP-RMAM58HG" failures="0" tests="3" name="pages.DashboardPageTestCases" time="16.007" errors="0" timestamp="8 Aug 2024 16:09:51 GMT">
  <testcase classname="pages.DashboardPageTestCases" name="TestCaseAmazonServiceCategoriesVerify" time="8.278"/>
  <testcase classname="pages.DashboardPageTestCases" name="TestCaseVerifyTitle" time="0.080"/>
  <testcase classname="pages.DashboardPageTestCases" name="TestCaseClickOnCarousalLeftButton" time="7.649"/>
</testsuite> <!-- pages.DashboardPageTestCases -->
