<?xml version="1.0" encoding="UTF-8"?>
<!-- Generated by org.testng.reporters.JUnitReportReporter -->
<testsuite hostname="LAPTOP-RMAM58HG" failures="0" tests="5" name="pages.DashboardPageTestCases" time="13.233" errors="0" timestamp="10 Aug 2024 09:41:21 GMT">
  <testcase classname="pages.DashboardPageTestCases" name="TestCaseVerifyTitle" time="0.191"/>
  <testcase classname="pages.DashboardPageTestCases" name="TestCaseLanguageChangeFromFooterVerify" time="9.036"/>
  <testcase classname="pages.DashboardPageTestCases" name="TestCaseAmazonFooterLogoVerify" time="2.166"/>
  <testcase classname="pages.DashboardPageTestCases" name="TestCaseSelectCountryVerify" time="1.680"/>
  <testcase classname="pages.DashboardPageTestCases" name="TestCaseAmazonTextVerify" time="0.160"/>
</testsuite> <!-- pages.DashboardPageTestCases -->
