<?xml version="1.0" encoding="UTF-8"?>
<!-- Generated by org.testng.reporters.JUnitReportReporter -->
<testsuite hostname="LAPTOP-RMAM58HG" failures="0" tests="3" name="pages.DashboardPageTestCases" time="48.038" errors="0" timestamp="8 Aug 2024 17:46:03 GMT">
  <testcase classname="pages.DashboardPageTestCases" name="TestCaseVerifyTitle" time="0.159"/>
  <testcase classname="pages.DashboardPageTestCases" name="TestCaseAmazonServiceCategoriesVerify" time="39.873"/>
  <testcase classname="pages.DashboardPageTestCases" name="TestCaseClickOnCarousalLeftButton" time="8.006"/>
</testsuite> <!-- pages.DashboardPageTestCases -->
