<?xml version="1.0" encoding="UTF-8"?>
<!-- Generated by org.testng.reporters.JUnitReportReporter -->
<testsuite hostname="LAPTOP-RMAM58HG" failures="0" tests="1" name="tests.ProductListingPageTestCases" time="18.120" errors="0" timestamp="20 Aug 2024 17:15:17 GMT">
  <testcase classname="tests.ProductListingPageTestCases" name="TestCaseProductFilter" time="18.120"/>
</testsuite> <!-- tests.ProductListingPageTestCases -->
