<?xml version="1.0" encoding="UTF-8"?>
<!-- Generated by org.testng.reporters.JUnitReportReporter -->
<testsuite hostname="LAPTOP-RMAM58HG" failures="0" tests="4" name="pages.DashboardPageTestCases" time="62.772" errors="0" timestamp="8 Aug 2024 18:30:01 GMT">
  <testcase classname="pages.DashboardPageTestCases" name="TestCaseVerifyTitle" time="0.170"/>
  <testcase classname="pages.DashboardPageTestCases" name="TestCaseAmazonServiceCategoriesVerify" time="44.256"/>
  <testcase classname="pages.DashboardPageTestCases" name="TestCaseFooterCopyRightLinksVerify" time="9.906"/>
  <testcase classname="pages.DashboardPageTestCases" name="TestCaseClickOnCarousalLeftButton" time="8.440"/>
</testsuite> <!-- pages.DashboardPageTestCases -->
