<?xml version="1.0" encoding="UTF-8"?>
<!-- Generated by org.testng.reporters.JUnitReportReporter -->
<testsuite hostname="LAPTOP-RMAM58HG" failures="0" tests="2" name="tests.ProductListingPageTestCases" time="50.902" errors="0" timestamp="22 Aug 2024 17:28:11 GMT">
  <testcase classname="tests.ProductListingPageTestCases" name="TestCaseProductFilter" time="17.324"/>
  <testcase classname="tests.ProductListingPageTestCases" name="TestCaseSortProduct" time="33.578"/>
</testsuite> <!-- tests.ProductListingPageTestCases -->
