<?xml version="1.0" encoding="UTF-8"?>
<!-- Generated by org.testng.reporters.JUnitReportReporter -->
<testsuite hostname="LAPTOP-RMAM58HG" failures="0" tests="2" name="tests.DashboardPageTestCases" time="11.172" errors="0" timestamp="15 Aug 2024 11:13:56 GMT">
  <testcase classname="tests.DashboardPageTestCases" name="TestCaseClickOnCarousalLeftButton" time="7.766"/>
  <testcase classname="tests.DashboardPageTestCases" name="TestCaseVerifyTitle" time="3.406"/>
</testsuite> <!-- tests.DashboardPageTestCases -->
