<?xml version="1.0" encoding="UTF-8"?>
<!-- Generated by org.testng.reporters.JUnitReportReporter -->
<testsuite hostname="LAPTOP-RMAM58HG" failures="0" tests="24" name="pages.DashboardPageTestCases" time="431.072" errors="3" timestamp="13 Aug 2024 17:32:32 GMT">
  <testcase classname="pages.DashboardPageTestCases" name="TestCaseSocialMediaPages" time="53.110"/>
  <testcase classname="pages.DashboardPageTestCases" name="TestCaseLanguageChangeFromFooterVerify" time="32.915"/>
  <testcase classname="pages.DashboardPageTestCases" name="TestCaseSignInPage" time="8.779"/>
  <testcase classname="pages.DashboardPageTestCases" name="TestCaseVerifyTitle" time="3.034"/>
  <testcase classname="pages.DashboardPageTestCases" name="TestCaseAmazonTextVerify" time="3.027"/>
  <testcase classname="pages.DashboardPageTestCases" name="TestCaseClickOnCarousalBanner" time="9.035"/>
  <testcase classname="pages.DashboardPageTestCases" name="TestCaseClickOnHamburgerMenuButton" time="4.300"/>
  <testcase classname="pages.DashboardPageTestCases" name="TestCaseLetUsHelpYouVerify" time="4.202">
    <error message="element click intercepted: Element &lt;a href=&quot;/gp/help/customer/display.html?nodeId=GDFU3JS5AL6SYHRD&amp;amp;ref_=footer_covid&quot; class=&quot;nav_a&quot;&gt;...&lt;/a&gt; is not clickable at point (1120, 47). Other element would receive the click: &lt;input id=&quot;nav-search-submit-button&quot; type=&quot;submit&quot; class=&quot;nav-input nav-progressive-attribute&quot; value=&quot;Go&quot; tabindex=&quot;0&quot;&gt;
  (Session info: chrome=127.0.6533.100)
Build info: version: &#039;4.20.0&#039;, revision: &#039;866c76ca80&#039;
System info: os.name: &#039;Windows 11&#039;, os.arch: &#039;amd64&#039;, os.version: &#039;10.0&#039;, java.version: &#039;17.0.11&#039;
Driver info: org.openqa.selenium.chrome.ChromeDriver
Command: [8dc1d4e3e496b3f4174b5e4f0f1ee5a3, clickElement {id=f.CC7D6AAEB16FB104D7AFAED1BA960BBD.d.3998EE33013509F3C8A5750A9AE32F82.e.1804}]
Capabilities {acceptInsecureCerts: false, browserName: chrome, browserVersion: 127.0.6533.100, chrome: {chromedriverVersion: 127.0.6533.99 (f31af5097d90..., userDataDir: C:\Users\rudre\AppData\Loca...}, fedcm:accounts: true, goog:chromeOptions: {debuggerAddress: localhost:62139}, networkConnectionEnabled: false, pageLoadStrategy: normal, platformName: windows, proxy: Proxy(), se:cdp: ws://localhost:62139/devtoo..., se:cdpVersion: 127.0.6533.100, setWindowRect: true, strictFileInteractability: false, timeouts: {implicit: 0, pageLoad: 300000, script: 30000}, unhandledPromptBehavior: dismiss and notify, webauthn:extension:credBlob: true, webauthn:extension:largeBlob: true, webauthn:extension:minPinLength: true, webauthn:extension:prf: true, webauthn:virtualAuthenticators: true}
Element: [[ChromeDriver: chrome on windows (8dc1d4e3e496b3f4174b5e4f0f1ee5a3)] -&gt; xpath: (//a[@class=&#039;nav_a&#039;])[17]]
Session ID: 8dc1d4e3e496b3f4174b5e4f0f1ee5a3" type="org.openqa.selenium.ElementClickInterceptedException">
      <![CDATA[org.openqa.selenium.ElementClickInterceptedException: element click intercepted: Element <a href="/gp/help/customer/display.html?nodeId=GDFU3JS5AL6SYHRD&amp;ref_=footer_covid" class="nav_a">...</a> is not clickable at point (1120, 47). Other element would receive the click: <input id="nav-search-submit-button" type="submit" class="nav-input nav-progressive-attribute" value="Go" tabindex="0">
  (Session info: chrome=127.0.6533.100)
Build info: version: '4.20.0', revision: '866c76ca80'
System info: os.name: 'Windows 11', os.arch: 'amd64', os.version: '10.0', java.version: '17.0.11'
Driver info: org.openqa.selenium.chrome.ChromeDriver
Command: [8dc1d4e3e496b3f4174b5e4f0f1ee5a3, clickElement {id=f.CC7D6AAEB16FB104D7AFAED1BA960BBD.d.3998EE33013509F3C8A5750A9AE32F82.e.1804}]
Capabilities {acceptInsecureCerts: false, browserName: chrome, browserVersion: 127.0.6533.100, chrome: {chromedriverVersion: 127.0.6533.99 (f31af5097d90..., userDataDir: C:\Users\rudre\AppData\Loca...}, fedcm:accounts: true, goog:chromeOptions: {debuggerAddress: localhost:62139}, networkConnectionEnabled: false, pageLoadStrategy: normal, platformName: windows, proxy: Proxy(), se:cdp: ws://localhost:62139/devtoo..., se:cdpVersion: 127.0.6533.100, setWindowRect: true, strictFileInteractability: false, timeouts: {implicit: 0, pageLoad: 300000, script: 30000}, unhandledPromptBehavior: dismiss and notify, webauthn:extension:credBlob: true, webauthn:extension:largeBlob: true, webauthn:extension:minPinLength: true, webauthn:extension:prf: true, webauthn:virtualAuthenticators: true}
Element: [[ChromeDriver: chrome on windows (8dc1d4e3e496b3f4174b5e4f0f1ee5a3)] -> xpath: (//a[@class='nav_a'])[17]]
Session ID: 8dc1d4e3e496b3f4174b5e4f0f1ee5a3
	at java.base/jdk.internal.reflect.NativeConstructorAccessorImpl.newInstance0(Native Method)
	at java.base/jdk.internal.reflect.NativeConstructorAccessorImpl.newInstance(NativeConstructorAccessorImpl.java:77)
	at java.base/jdk.internal.reflect.DelegatingConstructorAccessorImpl.newInstance(DelegatingConstructorAccessorImpl.java:45)
	at java.base/java.lang.reflect.Constructor.newInstanceWithCaller(Constructor.java:499)
	at java.base/java.lang.reflect.Constructor.newInstance(Constructor.java:480)
	at org.openqa.selenium.remote.ErrorCodec.decode(ErrorCodec.java:167)
	at org.openqa.selenium.remote.codec.w3c.W3CHttpResponseCodec.decode(W3CHttpResponseCodec.java:138)
	at org.openqa.selenium.remote.codec.w3c.W3CHttpResponseCodec.decode(W3CHttpResponseCodec.java:50)
	at org.openqa.selenium.remote.HttpCommandExecutor.execute(HttpCommandExecutor.java:190)
	at org.openqa.selenium.remote.service.DriverCommandExecutor.invokeExecute(DriverCommandExecutor.java:216)
	at org.openqa.selenium.remote.service.DriverCommandExecutor.execute(DriverCommandExecutor.java:174)
	at org.openqa.selenium.remote.RemoteWebDriver.execute(RemoteWebDriver.java:518)
	at org.openqa.selenium.remote.RemoteWebElement.execute(RemoteWebElement.java:223)
	at org.openqa.selenium.remote.RemoteWebElement.click(RemoteWebElement.java:76)
	at jdk.internal.reflect.GeneratedMethodAccessor1.invoke(Unknown Source)
	at java.base/jdk.internal.reflect.DelegatingMethodAccessorImpl.invoke(DelegatingMethodAccessorImpl.java:43)
	at java.base/java.lang.reflect.Method.invoke(Method.java:568)
	at org.openqa.selenium.support.pagefactory.internal.LocatingElementHandler.invoke(LocatingElementHandler.java:51)
	at jdk.proxy2/jdk.proxy2.$Proxy12.click(Unknown Source)
	at pages.DashboardPageTestCases.TestCaseLetUsHelpYouVerify(DashboardPageTestCases.java:411)
	at java.base/jdk.internal.reflect.NativeMethodAccessorImpl.invoke0(Native Method)
	at java.base/jdk.internal.reflect.NativeMethodAccessorImpl.invoke(NativeMethodAccessorImpl.java:77)
	at java.base/jdk.internal.reflect.DelegatingMethodAccessorImpl.invoke(DelegatingMethodAccessorImpl.java:43)
	at java.base/java.lang.reflect.Method.invoke(Method.java:568)
	at org.testng.internal.MethodInvocationHelper.invokeMethod(MethodInvocationHelper.java:86)
	at org.testng.internal.Invoker.invokeMethod(Invoker.java:643)
	at org.testng.internal.Invoker.invokeTestMethod(Invoker.java:820)
	at org.testng.internal.Invoker.invokeTestMethods(Invoker.java:1128)
	at org.testng.internal.TestMethodWorker.invokeTestMethods(TestMethodWorker.java:129)
	at org.testng.internal.TestMethodWorker.run(TestMethodWorker.java:112)
	at org.testng.TestRunner.privateRun(TestRunner.java:782)
	at org.testng.TestRunner.run(TestRunner.java:632)
	at org.testng.SuiteRunner.runTest(SuiteRunner.java:366)
	at org.testng.SuiteRunner.runSequentially(SuiteRunner.java:361)
	at org.testng.SuiteRunner.privateRun(SuiteRunner.java:319)
	at org.testng.SuiteRunner.run(SuiteRunner.java:268)
	at org.testng.SuiteRunnerWorker.runSuite(SuiteRunnerWorker.java:52)
	at org.testng.SuiteRunnerWorker.run(SuiteRunnerWorker.java:86)
	at org.testng.TestNG.runSuitesSequentially(TestNG.java:1244)
	at org.testng.TestNG.runSuitesLocally(TestNG.java:1169)
	at org.testng.TestNG.run(TestNG.java:1064)
	at org.testng.remote.AbstractRemoteTestNG.run(AbstractRemoteTestNG.java:115)
	at org.testng.remote.RemoteTestNG.initAndRun(RemoteTestNG.java:293)
	at org.testng.remote.RemoteTestNG.main(RemoteTestNG.java:91)
]]>
    </error>
  </testcase> <!-- TestCaseLetUsHelpYouVerify -->
  <testcase classname="pages.DashboardPageTestCases" name="TestCaseFooterCopyRightLinksVerify" time="20.442"/>
  <testcase classname="pages.DashboardPageTestCases" name="TestCaseAmazonFooterLogoVerify" time="3.933"/>
  <testcase classname="pages.DashboardPageTestCases" name="TestCaseFooterGetToKnowUsLinksVerification" time="19.211"/>
  <testcase classname="pages.DashboardPageTestCases" name="TestCaseMakeMoneyWithUsLinksVerify" time="4.125">
    <error message="element click intercepted: Element &lt;a href=&quot;/b/?node=2838698031&amp;amp;ld=AZINSOANavDesktopFooter_C&amp;amp;ref_=nav_footer_sell_C&quot; class=&quot;nav_a&quot;&gt;...&lt;/a&gt; is not clickable at point (790, 47). Other element would receive the click: &lt;input type=&quot;text&quot; id=&quot;twotabsearchtextbox&quot; value=&quot;&quot; name=&quot;field-keywords&quot; autocomplete=&quot;off&quot; placeholder=&quot;Search Amazon.in&quot; class=&quot;nav-input nav-progressive-attribute&quot; dir=&quot;auto&quot; tabindex=&quot;0&quot; aria-label=&quot;Search Amazon.in&quot; spellcheck=&quot;false&quot;&gt;
  (Session info: chrome=127.0.6533.100)
Build info: version: &#039;4.20.0&#039;, revision: &#039;866c76ca80&#039;
System info: os.name: &#039;Windows 11&#039;, os.arch: &#039;amd64&#039;, os.version: &#039;10.0&#039;, java.version: &#039;17.0.11&#039;
Driver info: org.openqa.selenium.chrome.ChromeDriver
Command: [8dc1d4e3e496b3f4174b5e4f0f1ee5a3, clickElement {id=f.CC7D6AAEB16FB104D7AFAED1BA960BBD.d.3998EE33013509F3C8A5750A9AE32F82.e.1803}]
Capabilities {acceptInsecureCerts: false, browserName: chrome, browserVersion: 127.0.6533.100, chrome: {chromedriverVersion: 127.0.6533.99 (f31af5097d90..., userDataDir: C:\Users\rudre\AppData\Loca...}, fedcm:accounts: true, goog:chromeOptions: {debuggerAddress: localhost:62139}, networkConnectionEnabled: false, pageLoadStrategy: normal, platformName: windows, proxy: Proxy(), se:cdp: ws://localhost:62139/devtoo..., se:cdpVersion: 127.0.6533.100, setWindowRect: true, strictFileInteractability: false, timeouts: {implicit: 0, pageLoad: 300000, script: 30000}, unhandledPromptBehavior: dismiss and notify, webauthn:extension:credBlob: true, webauthn:extension:largeBlob: true, webauthn:extension:minPinLength: true, webauthn:extension:prf: true, webauthn:virtualAuthenticators: true}
Element: [[ChromeDriver: chrome on windows (8dc1d4e3e496b3f4174b5e4f0f1ee5a3)] -&gt; xpath: (//a[@class=&#039;nav_a&#039;])[8]]
Session ID: 8dc1d4e3e496b3f4174b5e4f0f1ee5a3" type="org.openqa.selenium.ElementClickInterceptedException">
      <![CDATA[org.openqa.selenium.ElementClickInterceptedException: element click intercepted: Element <a href="/b/?node=2838698031&amp;ld=AZINSOANavDesktopFooter_C&amp;ref_=nav_footer_sell_C" class="nav_a">...</a> is not clickable at point (790, 47). Other element would receive the click: <input type="text" id="twotabsearchtextbox" value="" name="field-keywords" autocomplete="off" placeholder="Search Amazon.in" class="nav-input nav-progressive-attribute" dir="auto" tabindex="0" aria-label="Search Amazon.in" spellcheck="false">
  (Session info: chrome=127.0.6533.100)
Build info: version: '4.20.0', revision: '866c76ca80'
System info: os.name: 'Windows 11', os.arch: 'amd64', os.version: '10.0', java.version: '17.0.11'
Driver info: org.openqa.selenium.chrome.ChromeDriver
Command: [8dc1d4e3e496b3f4174b5e4f0f1ee5a3, clickElement {id=f.CC7D6AAEB16FB104D7AFAED1BA960BBD.d.3998EE33013509F3C8A5750A9AE32F82.e.1803}]
Capabilities {acceptInsecureCerts: false, browserName: chrome, browserVersion: 127.0.6533.100, chrome: {chromedriverVersion: 127.0.6533.99 (f31af5097d90..., userDataDir: C:\Users\rudre\AppData\Loca...}, fedcm:accounts: true, goog:chromeOptions: {debuggerAddress: localhost:62139}, networkConnectionEnabled: false, pageLoadStrategy: normal, platformName: windows, proxy: Proxy(), se:cdp: ws://localhost:62139/devtoo..., se:cdpVersion: 127.0.6533.100, setWindowRect: true, strictFileInteractability: false, timeouts: {implicit: 0, pageLoad: 300000, script: 30000}, unhandledPromptBehavior: dismiss and notify, webauthn:extension:credBlob: true, webauthn:extension:largeBlob: true, webauthn:extension:minPinLength: true, webauthn:extension:prf: true, webauthn:virtualAuthenticators: true}
Element: [[ChromeDriver: chrome on windows (8dc1d4e3e496b3f4174b5e4f0f1ee5a3)] -> xpath: (//a[@class='nav_a'])[8]]
Session ID: 8dc1d4e3e496b3f4174b5e4f0f1ee5a3
	at java.base/jdk.internal.reflect.NativeConstructorAccessorImpl.newInstance0(Native Method)
	at java.base/jdk.internal.reflect.NativeConstructorAccessorImpl.newInstance(NativeConstructorAccessorImpl.java:77)
	at java.base/jdk.internal.reflect.DelegatingConstructorAccessorImpl.newInstance(DelegatingConstructorAccessorImpl.java:45)
	at java.base/java.lang.reflect.Constructor.newInstanceWithCaller(Constructor.java:499)
	at java.base/java.lang.reflect.Constructor.newInstance(Constructor.java:480)
	at org.openqa.selenium.remote.ErrorCodec.decode(ErrorCodec.java:167)
	at org.openqa.selenium.remote.codec.w3c.W3CHttpResponseCodec.decode(W3CHttpResponseCodec.java:138)
	at org.openqa.selenium.remote.codec.w3c.W3CHttpResponseCodec.decode(W3CHttpResponseCodec.java:50)
	at org.openqa.selenium.remote.HttpCommandExecutor.execute(HttpCommandExecutor.java:190)
	at org.openqa.selenium.remote.service.DriverCommandExecutor.invokeExecute(DriverCommandExecutor.java:216)
	at org.openqa.selenium.remote.service.DriverCommandExecutor.execute(DriverCommandExecutor.java:174)
	at org.openqa.selenium.remote.RemoteWebDriver.execute(RemoteWebDriver.java:518)
	at org.openqa.selenium.remote.RemoteWebElement.execute(RemoteWebElement.java:223)
	at org.openqa.selenium.remote.RemoteWebElement.click(RemoteWebElement.java:76)
	at jdk.internal.reflect.GeneratedMethodAccessor1.invoke(Unknown Source)
	at java.base/jdk.internal.reflect.DelegatingMethodAccessorImpl.invoke(DelegatingMethodAccessorImpl.java:43)
	at java.base/java.lang.reflect.Method.invoke(Method.java:568)
	at org.openqa.selenium.support.pagefactory.internal.LocatingElementHandler.invoke(LocatingElementHandler.java:51)
	at jdk.proxy2/jdk.proxy2.$Proxy12.click(Unknown Source)
	at pages.DashboardPageTestCases.TestCaseMakeMoneyWithUsLinksVerify(DashboardPageTestCases.java:283)
	at java.base/jdk.internal.reflect.NativeMethodAccessorImpl.invoke0(Native Method)
	at java.base/jdk.internal.reflect.NativeMethodAccessorImpl.invoke(NativeMethodAccessorImpl.java:77)
	at java.base/jdk.internal.reflect.DelegatingMethodAccessorImpl.invoke(DelegatingMethodAccessorImpl.java:43)
	at java.base/java.lang.reflect.Method.invoke(Method.java:568)
	at org.testng.internal.MethodInvocationHelper.invokeMethod(MethodInvocationHelper.java:86)
	at org.testng.internal.Invoker.invokeMethod(Invoker.java:643)
	at org.testng.internal.Invoker.invokeTestMethod(Invoker.java:820)
	at org.testng.internal.Invoker.invokeTestMethods(Invoker.java:1128)
	at org.testng.internal.TestMethodWorker.invokeTestMethods(TestMethodWorker.java:129)
	at org.testng.internal.TestMethodWorker.run(TestMethodWorker.java:112)
	at org.testng.TestRunner.privateRun(TestRunner.java:782)
	at org.testng.TestRunner.run(TestRunner.java:632)
	at org.testng.SuiteRunner.runTest(SuiteRunner.java:366)
	at org.testng.SuiteRunner.runSequentially(SuiteRunner.java:361)
	at org.testng.SuiteRunner.privateRun(SuiteRunner.java:319)
	at org.testng.SuiteRunner.run(SuiteRunner.java:268)
	at org.testng.SuiteRunnerWorker.runSuite(SuiteRunnerWorker.java:52)
	at org.testng.SuiteRunnerWorker.run(SuiteRunnerWorker.java:86)
	at org.testng.TestNG.runSuitesSequentially(TestNG.java:1244)
	at org.testng.TestNG.runSuitesLocally(TestNG.java:1169)
	at org.testng.TestNG.run(TestNG.java:1064)
	at org.testng.remote.AbstractRemoteTestNG.run(AbstractRemoteTestNG.java:115)
	at org.testng.remote.RemoteTestNG.initAndRun(RemoteTestNG.java:293)
	at org.testng.remote.RemoteTestNG.main(RemoteTestNG.java:91)
]]>
    </error>
  </testcase> <!-- TestCaseMakeMoneyWithUsLinksVerify -->
  <testcase classname="pages.DashboardPageTestCases" name="TestCaseAmazonLogo" time="4.539"/>
  <testcase classname="pages.DashboardPageTestCases" name="TestCaseClickOnCarousalRightButton" time="7.639"/>
  <testcase classname="pages.DashboardPageTestCases" name="TestCaseSideNavigationTrendingUrlsVerify" time="6.233">
    <error message="element click intercepted: Element &lt;span class=&quot;navFooterBackToTopText&quot;&gt;...&lt;/span&gt; is not clickable at point (759, 24). Other element would receive the click: &lt;input type=&quot;text&quot; id=&quot;twotabsearchtextbox&quot; value=&quot;&quot; name=&quot;field-keywords&quot; autocomplete=&quot;off&quot; placeholder=&quot;Search Amazon.in&quot; class=&quot;nav-input nav-progressive-attribute&quot; dir=&quot;auto&quot; tabindex=&quot;0&quot; aria-label=&quot;Search Amazon.in&quot; spellcheck=&quot;false&quot;&gt;
  (Session info: chrome=127.0.6533.100)
Build info: version: &#039;4.20.0&#039;, revision: &#039;866c76ca80&#039;
System info: os.name: &#039;Windows 11&#039;, os.arch: &#039;amd64&#039;, os.version: &#039;10.0&#039;, java.version: &#039;17.0.11&#039;
Driver info: org.openqa.selenium.chrome.ChromeDriver
Command: [8dc1d4e3e496b3f4174b5e4f0f1ee5a3, clickElement {id=f.CC7D6AAEB16FB104D7AFAED1BA960BBD.d.4670BB4D9A0CDBC696F1A8CADAC120DF.e.3104}]
Capabilities {acceptInsecureCerts: false, browserName: chrome, browserVersion: 127.0.6533.100, chrome: {chromedriverVersion: 127.0.6533.99 (f31af5097d90..., userDataDir: C:\Users\rudre\AppData\Loca...}, fedcm:accounts: true, goog:chromeOptions: {debuggerAddress: localhost:62139}, networkConnectionEnabled: false, pageLoadStrategy: normal, platformName: windows, proxy: Proxy(), se:cdp: ws://localhost:62139/devtoo..., se:cdpVersion: 127.0.6533.100, setWindowRect: true, strictFileInteractability: false, timeouts: {implicit: 0, pageLoad: 300000, script: 30000}, unhandledPromptBehavior: dismiss and notify, webauthn:extension:credBlob: true, webauthn:extension:largeBlob: true, webauthn:extension:minPinLength: true, webauthn:extension:prf: true, webauthn:virtualAuthenticators: true}
Element: [[ChromeDriver: chrome on windows (8dc1d4e3e496b3f4174b5e4f0f1ee5a3)] -&gt; xpath: //span[@class=&#039;navFooterBackToTopText&#039;]]
Session ID: 8dc1d4e3e496b3f4174b5e4f0f1ee5a3" type="org.openqa.selenium.ElementClickInterceptedException">
      <![CDATA[org.openqa.selenium.ElementClickInterceptedException: element click intercepted: Element <span class="navFooterBackToTopText">...</span> is not clickable at point (759, 24). Other element would receive the click: <input type="text" id="twotabsearchtextbox" value="" name="field-keywords" autocomplete="off" placeholder="Search Amazon.in" class="nav-input nav-progressive-attribute" dir="auto" tabindex="0" aria-label="Search Amazon.in" spellcheck="false">
  (Session info: chrome=127.0.6533.100)
Build info: version: '4.20.0', revision: '866c76ca80'
System info: os.name: 'Windows 11', os.arch: 'amd64', os.version: '10.0', java.version: '17.0.11'
Driver info: org.openqa.selenium.chrome.ChromeDriver
Command: [8dc1d4e3e496b3f4174b5e4f0f1ee5a3, clickElement {id=f.CC7D6AAEB16FB104D7AFAED1BA960BBD.d.4670BB4D9A0CDBC696F1A8CADAC120DF.e.3104}]
Capabilities {acceptInsecureCerts: false, browserName: chrome, browserVersion: 127.0.6533.100, chrome: {chromedriverVersion: 127.0.6533.99 (f31af5097d90..., userDataDir: C:\Users\rudre\AppData\Loca...}, fedcm:accounts: true, goog:chromeOptions: {debuggerAddress: localhost:62139}, networkConnectionEnabled: false, pageLoadStrategy: normal, platformName: windows, proxy: Proxy(), se:cdp: ws://localhost:62139/devtoo..., se:cdpVersion: 127.0.6533.100, setWindowRect: true, strictFileInteractability: false, timeouts: {implicit: 0, pageLoad: 300000, script: 30000}, unhandledPromptBehavior: dismiss and notify, webauthn:extension:credBlob: true, webauthn:extension:largeBlob: true, webauthn:extension:minPinLength: true, webauthn:extension:prf: true, webauthn:virtualAuthenticators: true}
Element: [[ChromeDriver: chrome on windows (8dc1d4e3e496b3f4174b5e4f0f1ee5a3)] -> xpath: //span[@class='navFooterBackToTopText']]
Session ID: 8dc1d4e3e496b3f4174b5e4f0f1ee5a3
	at java.base/jdk.internal.reflect.NativeConstructorAccessorImpl.newInstance0(Native Method)
	at java.base/jdk.internal.reflect.NativeConstructorAccessorImpl.newInstance(NativeConstructorAccessorImpl.java:77)
	at java.base/jdk.internal.reflect.DelegatingConstructorAccessorImpl.newInstance(DelegatingConstructorAccessorImpl.java:45)
	at java.base/java.lang.reflect.Constructor.newInstanceWithCaller(Constructor.java:499)
	at java.base/java.lang.reflect.Constructor.newInstance(Constructor.java:480)
	at org.openqa.selenium.remote.ErrorCodec.decode(ErrorCodec.java:167)
	at org.openqa.selenium.remote.codec.w3c.W3CHttpResponseCodec.decode(W3CHttpResponseCodec.java:138)
	at org.openqa.selenium.remote.codec.w3c.W3CHttpResponseCodec.decode(W3CHttpResponseCodec.java:50)
	at org.openqa.selenium.remote.HttpCommandExecutor.execute(HttpCommandExecutor.java:190)
	at org.openqa.selenium.remote.service.DriverCommandExecutor.invokeExecute(DriverCommandExecutor.java:216)
	at org.openqa.selenium.remote.service.DriverCommandExecutor.execute(DriverCommandExecutor.java:174)
	at org.openqa.selenium.remote.RemoteWebDriver.execute(RemoteWebDriver.java:518)
	at org.openqa.selenium.remote.RemoteWebElement.execute(RemoteWebElement.java:223)
	at org.openqa.selenium.remote.RemoteWebElement.click(RemoteWebElement.java:76)
	at jdk.internal.reflect.GeneratedMethodAccessor1.invoke(Unknown Source)
	at java.base/jdk.internal.reflect.DelegatingMethodAccessorImpl.invoke(DelegatingMethodAccessorImpl.java:43)
	at java.base/java.lang.reflect.Method.invoke(Method.java:568)
	at org.openqa.selenium.support.pagefactory.internal.LocatingElementHandler.invoke(LocatingElementHandler.java:51)
	at jdk.proxy2/jdk.proxy2.$Proxy12.click(Unknown Source)
	at pages.DashboardPageTestCases.TestCaseSideNavigationTrendingUrlsVerify(DashboardPageTestCases.java:879)
	at java.base/jdk.internal.reflect.NativeMethodAccessorImpl.invoke0(Native Method)
	at java.base/jdk.internal.reflect.NativeMethodAccessorImpl.invoke(NativeMethodAccessorImpl.java:77)
	at java.base/jdk.internal.reflect.DelegatingMethodAccessorImpl.invoke(DelegatingMethodAccessorImpl.java:43)
	at java.base/java.lang.reflect.Method.invoke(Method.java:568)
	at org.testng.internal.MethodInvocationHelper.invokeMethod(MethodInvocationHelper.java:86)
	at org.testng.internal.Invoker.invokeMethod(Invoker.java:643)
	at org.testng.internal.Invoker.invokeTestMethod(Invoker.java:820)
	at org.testng.internal.Invoker.invokeTestMethods(Invoker.java:1128)
	at org.testng.internal.TestMethodWorker.invokeTestMethods(TestMethodWorker.java:129)
	at org.testng.internal.TestMethodWorker.run(TestMethodWorker.java:112)
	at org.testng.TestRunner.privateRun(TestRunner.java:782)
	at org.testng.TestRunner.run(TestRunner.java:632)
	at org.testng.SuiteRunner.runTest(SuiteRunner.java:366)
	at org.testng.SuiteRunner.runSequentially(SuiteRunner.java:361)
	at org.testng.SuiteRunner.privateRun(SuiteRunner.java:319)
	at org.testng.SuiteRunner.run(SuiteRunner.java:268)
	at org.testng.SuiteRunnerWorker.runSuite(SuiteRunnerWorker.java:52)
	at org.testng.SuiteRunnerWorker.run(SuiteRunnerWorker.java:86)
	at org.testng.TestNG.runSuitesSequentially(TestNG.java:1244)
	at org.testng.TestNG.runSuitesLocally(TestNG.java:1169)
	at org.testng.TestNG.run(TestNG.java:1064)
	at org.testng.remote.AbstractRemoteTestNG.run(AbstractRemoteTestNG.java:115)
	at org.testng.remote.RemoteTestNG.initAndRun(RemoteTestNG.java:293)
	at org.testng.remote.RemoteTestNG.main(RemoteTestNG.java:91)
]]>
    </error>
  </testcase> <!-- TestCaseSideNavigationTrendingUrlsVerify -->
  <testcase classname="pages.DashboardPageTestCases" name="TestCaseEnterCurrentPinCode" time="8.399"/>
  <testcase classname="pages.DashboardPageTestCases" name="TestCaseClickOnAboutUsButton" time="8.847"/>
  <testcase classname="pages.DashboardPageTestCases" name="TestCaseSearchForProduct" time="12.801"/>
  <testcase classname="pages.DashboardPageTestCases" name="TestCaseAmazonServiceCategoriesVerify" time="68.739"/>
  <testcase classname="pages.DashboardPageTestCases" name="TestCaseClickOnCarousalLeftButton" time="7.667"/>
  <testcase classname="pages.DashboardPageTestCases" name="TestCaseSelectCountryVerify" time="31.971"/>
  <testcase classname="pages.DashboardPageTestCases" name="TestCaseProductFilter" time="6.762"/>
  <testcase classname="pages.DashboardPageTestCases" name="TestCaseSideNavigationDigitalContentAndDevicesVerify" time="91.605"/>
  <testcase classname="pages.DashboardPageTestCases" name="TestCaseChangeWebsiteLanguage" time="9.757"/>
</testsuite> <!-- pages.DashboardPageTestCases -->
