<?xml version="1.0" encoding="UTF-8"?>
<!-- Generated by org.testng.reporters.JUnitReportReporter -->
<testsuite hostname="LAPTOP-RMAM58HG" failures="0" tests="13" name="tests.DashboardPageTestCases" time="249.130" errors="0" timestamp="14 Aug 2024 15:20:18 GMT">
  <testcase classname="tests.DashboardPageTestCases" name="TestCaseVerifyTitle" time="3.041"/>
  <testcase classname="tests.DashboardPageTestCases" name="TestCaseClickOnHamburgerMenuButton" time="4.464"/>
  <testcase classname="tests.DashboardPageTestCases" name="TestCaseEnterCurrentPinCode" time="8.740"/>
  <testcase classname="tests.DashboardPageTestCases" name="TestCaseChangeWebsiteLanguage" time="10.635"/>
  <testcase classname="tests.DashboardPageTestCases" name="TestCaseClickOnCarousalLeftButton" time="8.410"/>
  <testcase classname="tests.DashboardPageTestCases" name="TestCaseAmazonLogo" time="5.345"/>
  <testcase classname="tests.DashboardPageTestCases" name="TestCaseFooterGetToKnowUsLinksVerification" time="21.044"/>
  <testcase classname="tests.DashboardPageTestCases" name="TestCaseSearchForProduct" time="13.862"/>
  <testcase classname="tests.DashboardPageTestCases" name="TestCaseClickOnAboutUsButton" time="9.548"/>
  <testcase classname="tests.DashboardPageTestCases" name="TestCaseSignInPage" time="9.050"/>
  <testcase classname="tests.DashboardPageTestCases" name="TestCaseMakeMoneyWithUsLinksVerify" time="90.402"/>
  <testcase classname="tests.DashboardPageTestCases" name="TestCaseClickOnCarousalRightButton" time="8.056"/>
  <testcase classname="tests.DashboardPageTestCases" name="TestCaseSocialMediaPages" time="56.533"/>
</testsuite> <!-- tests.DashboardPageTestCases -->
