<?xml version="1.0" encoding="UTF-8"?>
<!-- Generated by org.testng.reporters.JUnitReportReporter -->
<testsuite hostname="LAPTOP-RMAM58HG" failures="3" tests="5" name="pages.DashboardPageTestCases" time="47.492" errors="0" timestamp="10 Aug 2024 18:03:56 GMT">
  <testcase classname="pages.DashboardPageTestCases" name="TestCaseVerifyTitle" time="3.050"/>
  <testcase classname="pages.DashboardPageTestCases" name="TestCaseLanguageChangeFromFooterVerify" time="15.189"/>
  <testcase classname="pages.DashboardPageTestCases" name="TestCaseSelectCountryVerify" time="16.489">
    <failure message="Test case failed due to an exception: Expected condition failed: waiting for element to be clickable: Proxy element for: DefaultElementLocator &#039;By.xpath: //span[@class=&#039;a-button-text a-declarative&#039;]&#039; (tried for 10 second(s) with 500 milliseconds interval)" type="java.lang.AssertionError">
      <![CDATA[java.lang.AssertionError: Test case failed due to an exception: Expected condition failed: waiting for element to be clickable: Proxy element for: DefaultElementLocator 'By.xpath: //span[@class='a-button-text a-declarative']' (tried for 10 second(s) with 500 milliseconds interval)
	at org.testng.Assert.fail(Assert.java:94)
	at pages.DashboardPageTestCases.TestCaseSelectCountryVerify(DashboardPageTestCases.java:792)
	at java.base/jdk.internal.reflect.NativeMethodAccessorImpl.invoke0(Native Method)
	at java.base/jdk.internal.reflect.NativeMethodAccessorImpl.invoke(NativeMethodAccessorImpl.java:77)
	at java.base/jdk.internal.reflect.DelegatingMethodAccessorImpl.invoke(DelegatingMethodAccessorImpl.java:43)
	at java.base/java.lang.reflect.Method.invoke(Method.java:568)
	at org.testng.internal.MethodInvocationHelper.invokeMethod(MethodInvocationHelper.java:86)
	at org.testng.internal.Invoker.invokeMethod(Invoker.java:643)
	at org.testng.internal.Invoker.invokeTestMethod(Invoker.java:820)
	at org.testng.internal.Invoker.invokeTestMethods(Invoker.java:1128)
	at org.testng.internal.TestMethodWorker.invokeTestMethods(TestMethodWorker.java:129)
	at org.testng.internal.TestMethodWorker.run(TestMethodWorker.java:112)
	at org.testng.TestRunner.privateRun(TestRunner.java:782)
	at org.testng.TestRunner.run(TestRunner.java:632)
	at org.testng.SuiteRunner.runTest(SuiteRunner.java:366)
	at org.testng.SuiteRunner.runSequentially(SuiteRunner.java:361)
	at org.testng.SuiteRunner.privateRun(SuiteRunner.java:319)
	at org.testng.SuiteRunner.run(SuiteRunner.java:268)
	at org.testng.SuiteRunnerWorker.runSuite(SuiteRunnerWorker.java:52)
	at org.testng.SuiteRunnerWorker.run(SuiteRunnerWorker.java:86)
	at org.testng.TestNG.runSuitesSequentially(TestNG.java:1244)
	at org.testng.TestNG.runSuitesLocally(TestNG.java:1169)
	at org.testng.TestNG.run(TestNG.java:1064)
	at org.testng.remote.AbstractRemoteTestNG.run(AbstractRemoteTestNG.java:115)
	at org.testng.remote.RemoteTestNG.initAndRun(RemoteTestNG.java:293)
	at org.testng.remote.RemoteTestNG.main(RemoteTestNG.java:91)
]]>
    </failure>
  </testcase> <!-- TestCaseSelectCountryVerify -->
  <testcase classname="pages.DashboardPageTestCases" name="TestCaseSideNavigationDigitalContentAndDevicesVerify" time="1.124">
    <failure message="Test case failed due to an exception: element click intercepted: Element &lt;a href=&quot;javascript: void(0)&quot; id=&quot;nav-hamburger-menu&quot; role=&quot;button&quot; aria-label=&quot;Open Menu&quot; data-csa-c-type=&quot;widget&quot; data-csa-c-slot-id=&quot;HamburgerMenuDesktop&quot; data-csa-c-interaction-events=&quot;click&quot; data-csa-c-id=&quot;3vtmuk-iq1vnv-ti5tu3-qcor1r&quot;&gt;...&lt;/a&gt; is not clickable at point (40, 79). Other element would receive the click: &lt;div class=&quot;hmenu-item hmenu-title &quot;&gt;...&lt;/div&gt;
  (Session info: chrome=127.0.6533.99)
Build info: version: &#039;4.20.0&#039;, revision: &#039;866c76ca80&#039;
System info: os.name: &#039;Windows 11&#039;, os.arch: &#039;amd64&#039;, os.version: &#039;10.0&#039;, java.version: &#039;17.0.11&#039;
Driver info: org.openqa.selenium.chrome.ChromeDriver
Command: [878a79c817a1df6669e5c34bd2e8c284, clickElement {id=f.53E67021BE19FDE388FF34409A23D2FB.d.AA41A59B07A72C30F09BDA710B84FB3A.e.299}]
Capabilities {acceptInsecureCerts: false, browserName: chrome, browserVersion: 127.0.6533.99, chrome: {chromedriverVersion: 127.0.6533.99 (f31af5097d90..., userDataDir: C:\Users\rudre\AppData\Loca...}, fedcm:accounts: true, goog:chromeOptions: {debuggerAddress: localhost:63688}, networkConnectionEnabled: false, pageLoadStrategy: normal, platformName: windows, proxy: Proxy(), se:cdp: ws://localhost:63688/devtoo..., se:cdpVersion: 127.0.6533.99, setWindowRect: true, strictFileInteractability: false, timeouts: {implicit: 0, pageLoad: 300000, script: 30000}, unhandledPromptBehavior: dismiss and notify, webauthn:extension:credBlob: true, webauthn:extension:largeBlob: true, webauthn:extension:minPinLength: true, webauthn:extension:prf: true, webauthn:virtualAuthenticators: true}
Element: [[ChromeDriver: chrome on windows (878a79c817a1df6669e5c34bd2e8c284)] -&gt; id: nav-hamburger-menu]
Session ID: 878a79c817a1df6669e5c34bd2e8c284" type="java.lang.AssertionError">
      <![CDATA[java.lang.AssertionError: Test case failed due to an exception: element click intercepted: Element <a href="javascript: void(0)" id="nav-hamburger-menu" role="button" aria-label="Open Menu" data-csa-c-type="widget" data-csa-c-slot-id="HamburgerMenuDesktop" data-csa-c-interaction-events="click" data-csa-c-id="3vtmuk-iq1vnv-ti5tu3-qcor1r">...</a> is not clickable at point (40, 79). Other element would receive the click: <div class="hmenu-item hmenu-title ">...</div>
  (Session info: chrome=127.0.6533.99)
Build info: version: '4.20.0', revision: '866c76ca80'
System info: os.name: 'Windows 11', os.arch: 'amd64', os.version: '10.0', java.version: '17.0.11'
Driver info: org.openqa.selenium.chrome.ChromeDriver
Command: [878a79c817a1df6669e5c34bd2e8c284, clickElement {id=f.53E67021BE19FDE388FF34409A23D2FB.d.AA41A59B07A72C30F09BDA710B84FB3A.e.299}]
Capabilities {acceptInsecureCerts: false, browserName: chrome, browserVersion: 127.0.6533.99, chrome: {chromedriverVersion: 127.0.6533.99 (f31af5097d90..., userDataDir: C:\Users\rudre\AppData\Loca...}, fedcm:accounts: true, goog:chromeOptions: {debuggerAddress: localhost:63688}, networkConnectionEnabled: false, pageLoadStrategy: normal, platformName: windows, proxy: Proxy(), se:cdp: ws://localhost:63688/devtoo..., se:cdpVersion: 127.0.6533.99, setWindowRect: true, strictFileInteractability: false, timeouts: {implicit: 0, pageLoad: 300000, script: 30000}, unhandledPromptBehavior: dismiss and notify, webauthn:extension:credBlob: true, webauthn:extension:largeBlob: true, webauthn:extension:minPinLength: true, webauthn:extension:prf: true, webauthn:virtualAuthenticators: true}
Element: [[ChromeDriver: chrome on windows (878a79c817a1df6669e5c34bd2e8c284)] -> id: nav-hamburger-menu]
Session ID: 878a79c817a1df6669e5c34bd2e8c284
	at org.testng.Assert.fail(Assert.java:94)
	at pages.DashboardPageTestCases.TestCaseSideNavigationDigitalContentAndDevicesVerify(DashboardPageTestCases.java:871)
	at java.base/jdk.internal.reflect.NativeMethodAccessorImpl.invoke0(Native Method)
	at java.base/jdk.internal.reflect.NativeMethodAccessorImpl.invoke(NativeMethodAccessorImpl.java:77)
	at java.base/jdk.internal.reflect.DelegatingMethodAccessorImpl.invoke(DelegatingMethodAccessorImpl.java:43)
	at java.base/java.lang.reflect.Method.invoke(Method.java:568)
	at org.testng.internal.MethodInvocationHelper.invokeMethod(MethodInvocationHelper.java:86)
	at org.testng.internal.Invoker.invokeMethod(Invoker.java:643)
	at org.testng.internal.Invoker.invokeTestMethod(Invoker.java:820)
	at org.testng.internal.Invoker.invokeTestMethods(Invoker.java:1128)
	at org.testng.internal.TestMethodWorker.invokeTestMethods(TestMethodWorker.java:129)
	at org.testng.internal.TestMethodWorker.run(TestMethodWorker.java:112)
	at org.testng.TestRunner.privateRun(TestRunner.java:782)
	at org.testng.TestRunner.run(TestRunner.java:632)
	at org.testng.SuiteRunner.runTest(SuiteRunner.java:366)
	at org.testng.SuiteRunner.runSequentially(SuiteRunner.java:361)
	at org.testng.SuiteRunner.privateRun(SuiteRunner.java:319)
	at org.testng.SuiteRunner.run(SuiteRunner.java:268)
	at org.testng.SuiteRunnerWorker.runSuite(SuiteRunnerWorker.java:52)
	at org.testng.SuiteRunnerWorker.run(SuiteRunnerWorker.java:86)
	at org.testng.TestNG.runSuitesSequentially(TestNG.java:1244)
	at org.testng.TestNG.runSuitesLocally(TestNG.java:1169)
	at org.testng.TestNG.run(TestNG.java:1064)
	at org.testng.remote.AbstractRemoteTestNG.run(AbstractRemoteTestNG.java:115)
	at org.testng.remote.RemoteTestNG.initAndRun(RemoteTestNG.java:293)
	at org.testng.remote.RemoteTestNG.main(RemoteTestNG.java:91)
]]>
    </failure>
  </testcase> <!-- TestCaseSideNavigationDigitalContentAndDevicesVerify -->
  <testcase classname="pages.DashboardPageTestCases" name="TestCaseSideNavigationTrendingUrlsVerify" time="11.640">
    <failure message="Test case failed due to an exception: element click intercepted: Element &lt;a href=&quot;javascript: void(0)&quot; id=&quot;nav-hamburger-menu&quot; role=&quot;button&quot; aria-label=&quot;Open Menu&quot; data-csa-c-type=&quot;widget&quot; data-csa-c-slot-id=&quot;HamburgerMenuDesktop&quot; data-csa-c-interaction-events=&quot;click&quot; data-csa-c-id=&quot;3vtmuk-iq1vnv-ti5tu3-qcor1r&quot;&gt;...&lt;/a&gt; is not clickable at point (40, 79). Other element would receive the click: &lt;div class=&quot;hmenu-item hmenu-title &quot;&gt;...&lt;/div&gt;
  (Session info: chrome=127.0.6533.99)
Build info: version: &#039;4.20.0&#039;, revision: &#039;866c76ca80&#039;
System info: os.name: &#039;Windows 11&#039;, os.arch: &#039;amd64&#039;, os.version: &#039;10.0&#039;, java.version: &#039;17.0.11&#039;
Driver info: org.openqa.selenium.chrome.ChromeDriver
Command: [878a79c817a1df6669e5c34bd2e8c284, clickElement {id=f.53E67021BE19FDE388FF34409A23D2FB.d.AA41A59B07A72C30F09BDA710B84FB3A.e.299}]
Capabilities {acceptInsecureCerts: false, browserName: chrome, browserVersion: 127.0.6533.99, chrome: {chromedriverVersion: 127.0.6533.99 (f31af5097d90..., userDataDir: C:\Users\rudre\AppData\Loca...}, fedcm:accounts: true, goog:chromeOptions: {debuggerAddress: localhost:63688}, networkConnectionEnabled: false, pageLoadStrategy: normal, platformName: windows, proxy: Proxy(), se:cdp: ws://localhost:63688/devtoo..., se:cdpVersion: 127.0.6533.99, setWindowRect: true, strictFileInteractability: false, timeouts: {implicit: 0, pageLoad: 300000, script: 30000}, unhandledPromptBehavior: dismiss and notify, webauthn:extension:credBlob: true, webauthn:extension:largeBlob: true, webauthn:extension:minPinLength: true, webauthn:extension:prf: true, webauthn:virtualAuthenticators: true}
Element: [[ChromeDriver: chrome on windows (878a79c817a1df6669e5c34bd2e8c284)] -&gt; id: nav-hamburger-menu]
Session ID: 878a79c817a1df6669e5c34bd2e8c284" type="java.lang.AssertionError">
      <![CDATA[java.lang.AssertionError: Test case failed due to an exception: element click intercepted: Element <a href="javascript: void(0)" id="nav-hamburger-menu" role="button" aria-label="Open Menu" data-csa-c-type="widget" data-csa-c-slot-id="HamburgerMenuDesktop" data-csa-c-interaction-events="click" data-csa-c-id="3vtmuk-iq1vnv-ti5tu3-qcor1r">...</a> is not clickable at point (40, 79). Other element would receive the click: <div class="hmenu-item hmenu-title ">...</div>
  (Session info: chrome=127.0.6533.99)
Build info: version: '4.20.0', revision: '866c76ca80'
System info: os.name: 'Windows 11', os.arch: 'amd64', os.version: '10.0', java.version: '17.0.11'
Driver info: org.openqa.selenium.chrome.ChromeDriver
Command: [878a79c817a1df6669e5c34bd2e8c284, clickElement {id=f.53E67021BE19FDE388FF34409A23D2FB.d.AA41A59B07A72C30F09BDA710B84FB3A.e.299}]
Capabilities {acceptInsecureCerts: false, browserName: chrome, browserVersion: 127.0.6533.99, chrome: {chromedriverVersion: 127.0.6533.99 (f31af5097d90..., userDataDir: C:\Users\rudre\AppData\Loca...}, fedcm:accounts: true, goog:chromeOptions: {debuggerAddress: localhost:63688}, networkConnectionEnabled: false, pageLoadStrategy: normal, platformName: windows, proxy: Proxy(), se:cdp: ws://localhost:63688/devtoo..., se:cdpVersion: 127.0.6533.99, setWindowRect: true, strictFileInteractability: false, timeouts: {implicit: 0, pageLoad: 300000, script: 30000}, unhandledPromptBehavior: dismiss and notify, webauthn:extension:credBlob: true, webauthn:extension:largeBlob: true, webauthn:extension:minPinLength: true, webauthn:extension:prf: true, webauthn:virtualAuthenticators: true}
Element: [[ChromeDriver: chrome on windows (878a79c817a1df6669e5c34bd2e8c284)] -> id: nav-hamburger-menu]
Session ID: 878a79c817a1df6669e5c34bd2e8c284
	at org.testng.Assert.fail(Assert.java:94)
	at pages.DashboardPageTestCases.TestCaseSideNavigationTrendingUrlsVerify(DashboardPageTestCases.java:826)
	at java.base/jdk.internal.reflect.NativeMethodAccessorImpl.invoke0(Native Method)
	at java.base/jdk.internal.reflect.NativeMethodAccessorImpl.invoke(NativeMethodAccessorImpl.java:77)
	at java.base/jdk.internal.reflect.DelegatingMethodAccessorImpl.invoke(DelegatingMethodAccessorImpl.java:43)
	at java.base/java.lang.reflect.Method.invoke(Method.java:568)
	at org.testng.internal.MethodInvocationHelper.invokeMethod(MethodInvocationHelper.java:86)
	at org.testng.internal.Invoker.invokeMethod(Invoker.java:643)
	at org.testng.internal.Invoker.invokeTestMethod(Invoker.java:820)
	at org.testng.internal.Invoker.invokeTestMethods(Invoker.java:1128)
	at org.testng.internal.TestMethodWorker.invokeTestMethods(TestMethodWorker.java:129)
	at org.testng.internal.TestMethodWorker.run(TestMethodWorker.java:112)
	at org.testng.TestRunner.privateRun(TestRunner.java:782)
	at org.testng.TestRunner.run(TestRunner.java:632)
	at org.testng.SuiteRunner.runTest(SuiteRunner.java:366)
	at org.testng.SuiteRunner.runSequentially(SuiteRunner.java:361)
	at org.testng.SuiteRunner.privateRun(SuiteRunner.java:319)
	at org.testng.SuiteRunner.run(SuiteRunner.java:268)
	at org.testng.SuiteRunnerWorker.runSuite(SuiteRunnerWorker.java:52)
	at org.testng.SuiteRunnerWorker.run(SuiteRunnerWorker.java:86)
	at org.testng.TestNG.runSuitesSequentially(TestNG.java:1244)
	at org.testng.TestNG.runSuitesLocally(TestNG.java:1169)
	at org.testng.TestNG.run(TestNG.java:1064)
	at org.testng.remote.AbstractRemoteTestNG.run(AbstractRemoteTestNG.java:115)
	at org.testng.remote.RemoteTestNG.initAndRun(RemoteTestNG.java:293)
	at org.testng.remote.RemoteTestNG.main(RemoteTestNG.java:91)
]]>
    </failure>
  </testcase> <!-- TestCaseSideNavigationTrendingUrlsVerify -->
</testsuite> <!-- pages.DashboardPageTestCases -->
