<?xml version="1.0" encoding="UTF-8"?>
<!-- Generated by org.testng.reporters.JUnitReportReporter -->
<testsuite hostname="LAPTOP-RMAM58HG" failures="0" tests="2" name="tests.DashboardPageTestCases" time="11.611" errors="0" timestamp="19 Aug 2024 16:16:03 GMT">
  <testcase classname="tests.DashboardPageTestCases" name="TestCaseClickOnCarousalLeftButton" time="7.975"/>
  <testcase classname="tests.DashboardPageTestCases" name="TestCaseVerifyTitle" time="3.636"/>
</testsuite> <!-- tests.DashboardPageTestCases -->
